[0.010s] Invoking command in '/home/nagateja/main/build/main_bot_package': CMAKE_PREFIX_PATH=${CMAKE_PREFIX_PATH}:/home/nagateja/robot_ws/install/robo_pkg_ros2:/opt/ros/humble /usr/bin/cmake /home/nagateja/main/src/main_bot_package -DAMENT_CMAKE_SYMLINK_INSTALL=1 -DCMAKE_INSTALL_PREFIX=/home/nagateja/main/install/main_bot_package
[0.023s] -- Found ament_cmake: 1.3.10 (/opt/ros/humble/share/ament_cmake/cmake)
[0.121s] -- Override CMake install command with custom implementation using symlinks instead of copying resources
[0.127s] -- Found rclcpp: 16.0.10 (/opt/ros/humble/share/rclcpp/cmake)
[0.151s] -- Found rosidl_generator_c: 3.1.5 (/opt/ros/humble/share/rosidl_generator_c/cmake)
[0.153s] -- Found rosidl_adapter: 3.1.5 (/opt/ros/humble/share/rosidl_adapter/cmake)
[0.157s] -- Found rosidl_generator_cpp: 3.1.5 (/opt/ros/humble/share/rosidl_generator_cpp/cmake)
[0.164s] -- Using all available rosidl_typesupport_c: rosidl_typesupport_fastrtps_c;rosidl_typesupport_introspection_c
[0.174s] -- Using all available rosidl_typesupport_cpp: rosidl_typesupport_fastrtps_cpp;rosidl_typesupport_introspection_cpp
[0.197s] -- Found rmw_implementation_cmake: 6.1.2 (/opt/ros/humble/share/rmw_implementation_cmake/cmake)
[0.198s] -- Found rmw_fastrtps_cpp: 6.2.7 (/opt/ros/humble/share/rmw_fastrtps_cpp/cmake)
[0.296s] -- Using RMW implementation 'rmw_fastrtps_cpp' as default
[0.333s] -- Found ament_lint_auto: 0.12.11 (/opt/ros/humble/share/ament_lint_auto/cmake)
[0.399s] -- Added test 'copyright' to check source files copyright and LICENSE
[0.401s] -- Added test 'flake8' to check Python code syntax and style conventions
[0.402s] -- Added test 'lint_cmake' to check CMake code style
[0.402s] -- Added test 'pep257' to check Python code against some of the docstring style conventions in PEP 257
[0.404s] -- Added test 'xmllint' to check XML markup files
[0.405s] -- Configuring done
[0.409s] -- Generating done
[0.411s] -- Build files have been written to: /home/nagateja/main/build/main_bot_package
[0.419s] Invoked command in '/home/nagateja/main/build/main_bot_package' returned '0': CMAKE_PREFIX_PATH=${CMAKE_PREFIX_PATH}:/home/nagateja/robot_ws/install/robo_pkg_ros2:/opt/ros/humble /usr/bin/cmake /home/nagateja/main/src/main_bot_package -DAMENT_CMAKE_SYMLINK_INSTALL=1 -DCMAKE_INSTALL_PREFIX=/home/nagateja/main/install/main_bot_package
[0.422s] Invoking command in '/home/nagateja/main/build/main_bot_package': CMAKE_PREFIX_PATH=${CMAKE_PREFIX_PATH}:/home/nagateja/robot_ws/install/robo_pkg_ros2:/opt/ros/humble /usr/bin/cmake --build /home/nagateja/main/build/main_bot_package -- -j12 -l12
[0.472s] Invoked command in '/home/nagateja/main/build/main_bot_package' returned '0': CMAKE_PREFIX_PATH=${CMAKE_PREFIX_PATH}:/home/nagateja/robot_ws/install/robo_pkg_ros2:/opt/ros/humble /usr/bin/cmake --build /home/nagateja/main/build/main_bot_package -- -j12 -l12
[0.509s] Invoking command in '/home/nagateja/main/build/main_bot_package': CMAKE_PREFIX_PATH=${CMAKE_PREFIX_PATH}:/home/nagateja/robot_ws/install/robo_pkg_ros2:/opt/ros/humble /usr/bin/cmake --install /home/nagateja/main/build/main_bot_package
[0.518s] -- Install configuration: ""
[0.518s] -- Execute custom install script
[0.518s] -- Symlinking: /home/nagateja/main/install/main_bot_package/share/ament_index/resource_index/package_run_dependencies/main_bot_package
[0.529s] -- Symlinking: /home/nagateja/main/install/main_bot_package/share/ament_index/resource_index/parent_prefix_path/main_bot_package
[0.540s] -- Symlinking: /home/nagateja/main/install/main_bot_package/share/main_bot_package/environment/ament_prefix_path.sh
[0.552s] -- Symlinking: /home/nagateja/main/install/main_bot_package/share/main_bot_package/environment/ament_prefix_path.dsv
[0.565s] -- Symlinking: /home/nagateja/main/install/main_bot_package/share/main_bot_package/environment/path.sh
[0.576s] -- Symlinking: /home/nagateja/main/install/main_bot_package/share/main_bot_package/environment/path.dsv
[0.589s] -- Symlinking: /home/nagateja/main/install/main_bot_package/share/main_bot_package/local_setup.bash
[0.602s] -- Symlinking: /home/nagateja/main/install/main_bot_package/share/main_bot_package/local_setup.sh
[0.614s] -- Symlinking: /home/nagateja/main/install/main_bot_package/share/main_bot_package/local_setup.zsh
[0.625s] -- Symlinking: /home/nagateja/main/install/main_bot_package/share/main_bot_package/local_setup.dsv
[0.638s] -- Symlinking: /home/nagateja/main/install/main_bot_package/share/main_bot_package/package.dsv
[0.650s] -- Symlinking: /home/nagateja/main/install/main_bot_package/share/ament_index/resource_index/packages/main_bot_package
[0.661s] -- Symlinking: /home/nagateja/main/install/main_bot_package/share/main_bot_package/cmake/main_bot_packageConfig.cmake
[0.673s] -- Symlinking: /home/nagateja/main/install/main_bot_package/share/main_bot_package/cmake/main_bot_packageConfig-version.cmake
[0.685s] -- Symlinking: /home/nagateja/main/install/main_bot_package/share/main_bot_package/package.xml
[0.695s] -- Symlinking: /home/nagateja/main/install/main_bot_package/share/main_bot_package/launch/launch_robot.launch.py
[0.705s] -- Symlinking: /home/nagateja/main/install/main_bot_package/share/main_bot_package/launch/launch_sim.launch.py
[0.715s] -- Symlinking: /home/nagateja/main/install/main_bot_package/share/main_bot_package/launch/localization_launch.py
[0.725s] -- Symlinking: /home/nagateja/main/install/main_bot_package/share/main_bot_package/launch/navigation_launch.py
[0.736s] -- Symlinking: /home/nagateja/main/install/main_bot_package/share/main_bot_package/launch/rsp.launch.py
[0.746s] -- Up-to-date: /home/nagateja/main/install/main_bot_package/share/main_bot_package/description
[0.746s] -- Up-to-date: /home/nagateja/main/install/main_bot_package/share/main_bot_package/description/gazebo_control.xacro
[0.746s] -- Up-to-date: /home/nagateja/main/install/main_bot_package/share/main_bot_package/description/robot_core.xacro
[0.746s] -- Up-to-date: /home/nagateja/main/install/main_bot_package/share/main_bot_package/description/inertial_macros.xacro
[0.746s] -- Up-to-date: /home/nagateja/main/install/main_bot_package/share/main_bot_package/description/robot.urdf.xacro
[0.746s] -- Installing: /home/nagateja/main/install/main_bot_package/share/main_bot_package/description/ros2_control.xacro
[0.749s] Invoked command in '/home/nagateja/main/build/main_bot_package' returned '0': CMAKE_PREFIX_PATH=${CMAKE_PREFIX_PATH}:/home/nagateja/robot_ws/install/robo_pkg_ros2:/opt/ros/humble /usr/bin/cmake --install /home/nagateja/main/build/main_bot_package
