-- Found ament_cmake: 1.3.10 (/opt/ros/humble/share/ament_cmake/cmake)
-- Override CMake install command with custom implementation using symlinks instead of copying resources
-- Found ament_lint_auto: 0.12.11 (/opt/ros/humble/share/ament_lint_auto/cmake)
-- Added test 'copyright' to check source files copyright and LICENSE
-- Added test 'flake8' to check Python code syntax and style conventions
-- Added test 'lint_cmake' to check CMake code style
-- Added test 'pep257' to check Python code against some of the docstring style conventions in PEP 257
-- Added test 'xmllint' to check XML markup files
-- Configuring done
-- Generating done
-- Build files have been written to: /home/nagateja/main/build/main_bot_package
-- Install configuration: ""
-- Execute custom install script
-- Symlinking: /home/nagateja/main/install/main_bot_package/share/main_bot_package/config/gazebo.rviz
-- Symlinking: /home/nagateja/main/install/main_bot_package/share/main_bot_package/config/my_controllers.yaml
-- Symlinking: /home/nagateja/main/install/main_bot_package/share/main_bot_package/description/gazebo_control.xacro
-- Symlinking: /home/nagateja/main/install/main_bot_package/share/main_bot_package/description/inertial_macros.xacro
-- Symlinking: /home/nagateja/main/install/main_bot_package/share/main_bot_package/description/robot.urdf.xacro
-- Symlinking: /home/nagateja/main/install/main_bot_package/share/main_bot_package/description/robot_core.xacro
-- Symlinking: /home/nagateja/main/install/main_bot_package/share/main_bot_package/description/ros2_control.xacro
-- Up-to-date symlink: /home/nagateja/main/install/main_bot_package/share/main_bot_package/launch/launch_robot.launch.py
-- Up-to-date symlink: /home/nagateja/main/install/main_bot_package/share/main_bot_package/launch/launch_sim.launch.py
-- Up-to-date symlink: /home/nagateja/main/install/main_bot_package/share/main_bot_package/launch/localization_launch.py
-- Up-to-date symlink: /home/nagateja/main/install/main_bot_package/share/main_bot_package/launch/navigation_launch.py
-- Up-to-date symlink: /home/nagateja/main/install/main_bot_package/share/main_bot_package/launch/rsp.launch.py
-- Up-to-date symlink: /home/nagateja/main/install/main_bot_package/share/ament_index/resource_index/package_run_dependencies/main_bot_package
-- Up-to-date symlink: /home/nagateja/main/install/main_bot_package/share/ament_index/resource_index/parent_prefix_path/main_bot_package
-- Up-to-date symlink: /home/nagateja/main/install/main_bot_package/share/main_bot_package/environment/ament_prefix_path.sh
-- Up-to-date symlink: /home/nagateja/main/install/main_bot_package/share/main_bot_package/environment/ament_prefix_path.dsv
-- Up-to-date symlink: /home/nagateja/main/install/main_bot_package/share/main_bot_package/environment/path.sh
-- Up-to-date symlink: /home/nagateja/main/install/main_bot_package/share/main_bot_package/environment/path.dsv
-- Up-to-date symlink: /home/nagateja/main/install/main_bot_package/share/main_bot_package/local_setup.bash
-- Up-to-date symlink: /home/nagateja/main/install/main_bot_package/share/main_bot_package/local_setup.sh
-- Up-to-date symlink: /home/nagateja/main/install/main_bot_package/share/main_bot_package/local_setup.zsh
-- Up-to-date symlink: /home/nagateja/main/install/main_bot_package/share/main_bot_package/local_setup.dsv
-- Symlinking: /home/nagateja/main/install/main_bot_package/share/main_bot_package/package.dsv
-- Up-to-date symlink: /home/nagateja/main/install/main_bot_package/share/ament_index/resource_index/packages/main_bot_package
-- Up-to-date symlink: /home/nagateja/main/install/main_bot_package/share/main_bot_package/cmake/main_bot_packageConfig.cmake
-- Up-to-date symlink: /home/nagateja/main/install/main_bot_package/share/main_bot_package/cmake/main_bot_packageConfig-version.cmake
-- Up-to-date symlink: /home/nagateja/main/install/main_bot_package/share/main_bot_package/package.xml
