[0.010s] Invoking command in '/home/nagateja/main/build/main_bot_package': CMAKE_PREFIX_PATH=${CMAKE_PREFIX_PATH}:/home/nagateja/robot_ws/install/robo_pkg_ros2:/opt/ros/humble /usr/bin/cmake /home/nagateja/main/src/main_bot_package -DCMAKE_INSTALL_PREFIX=/home/nagateja/main/install/main_bot_package
[0.065s] -- The C compiler identification is GNU 11.4.0
[0.117s] -- The CXX compiler identification is GNU 11.4.0
[0.123s] -- Detecting C compiler ABI info
[0.203s] -- Detecting C compiler ABI info - done
[0.208s] -- Check for working C compiler: /usr/bin/cc - skipped
[0.208s] -- Detecting C compile features
[0.209s] -- Detecting C compile features - done
[0.211s] -- Detecting CXX compiler ABI info
[0.308s] -- Detecting CXX compiler ABI info - done
[0.314s] -- Check for working CXX compiler: /usr/bin/c++ - skipped
[0.315s] -- Detecting CXX compile features
[0.315s] -- Detecting CXX compile features - done
[0.318s] -- Found ament_cmake: 1.3.10 (/opt/ros/humble/share/ament_cmake/cmake)
[0.474s] -- Found Python3: /usr/bin/python3 (found version "3.10.12") found components: Interpreter 
[0.574s] -- Found rclcpp: 16.0.10 (/opt/ros/humble/share/rclcpp/cmake)
[0.616s] -- Found rosidl_generator_c: 3.1.5 (/opt/ros/humble/share/rosidl_generator_c/cmake)
[0.621s] -- Found rosidl_adapter: 3.1.5 (/opt/ros/humble/share/rosidl_adapter/cmake)
[0.630s] -- Found rosidl_generator_cpp: 3.1.5 (/opt/ros/humble/share/rosidl_generator_cpp/cmake)
[0.642s] -- Using all available rosidl_typesupport_c: rosidl_typesupport_fastrtps_c;rosidl_typesupport_introspection_c
[0.657s] -- Using all available rosidl_typesupport_cpp: rosidl_typesupport_fastrtps_cpp;rosidl_typesupport_introspection_cpp
[0.697s] -- Found rmw_implementation_cmake: 6.1.2 (/opt/ros/humble/share/rmw_implementation_cmake/cmake)
[0.700s] -- Found rmw_fastrtps_cpp: 6.2.7 (/opt/ros/humble/share/rmw_fastrtps_cpp/cmake)
[0.790s] -- Found OpenSSL: /usr/lib/x86_64-linux-gnu/libcrypto.so (found version "3.0.2")  
[0.815s] -- Found FastRTPS: /opt/ros/humble/include  
[0.857s] -- Using RMW implementation 'rmw_fastrtps_cpp' as default
[0.866s] -- Looking for pthread.h
[0.952s] -- Looking for pthread.h - found
[0.953s] -- Performing Test CMAKE_HAVE_LIBC_PTHREAD
[1.038s] -- Performing Test CMAKE_HAVE_LIBC_PTHREAD - Success
[1.038s] -- Found Threads: TRUE  
[1.081s] -- Found ament_lint_auto: 0.12.11 (/opt/ros/humble/share/ament_lint_auto/cmake)
[1.153s] -- Added test 'copyright' to check source files copyright and LICENSE
[1.155s] -- Added test 'flake8' to check Python code syntax and style conventions
[1.156s] -- Added test 'lint_cmake' to check CMake code style
[1.156s] -- Added test 'pep257' to check Python code against some of the docstring style conventions in PEP 257
[1.157s] -- Added test 'xmllint' to check XML markup files
[1.159s] -- Configuring done
[1.163s] -- Generating done
[1.165s] -- Build files have been written to: /home/nagateja/main/build/main_bot_package
[1.176s] Invoked command in '/home/nagateja/main/build/main_bot_package' returned '0': CMAKE_PREFIX_PATH=${CMAKE_PREFIX_PATH}:/home/nagateja/robot_ws/install/robo_pkg_ros2:/opt/ros/humble /usr/bin/cmake /home/nagateja/main/src/main_bot_package -DCMAKE_INSTALL_PREFIX=/home/nagateja/main/install/main_bot_package
[1.178s] Invoking command in '/home/nagateja/main/build/main_bot_package': CMAKE_PREFIX_PATH=${CMAKE_PREFIX_PATH}:/home/nagateja/robot_ws/install/robo_pkg_ros2:/opt/ros/humble /usr/bin/cmake --build /home/nagateja/main/build/main_bot_package -- -j12 -l12
[1.222s] Invoked command in '/home/nagateja/main/build/main_bot_package' returned '0': CMAKE_PREFIX_PATH=${CMAKE_PREFIX_PATH}:/home/nagateja/robot_ws/install/robo_pkg_ros2:/opt/ros/humble /usr/bin/cmake --build /home/nagateja/main/build/main_bot_package -- -j12 -l12
[1.259s] Invoking command in '/home/nagateja/main/build/main_bot_package': CMAKE_PREFIX_PATH=${CMAKE_PREFIX_PATH}:/home/nagateja/robot_ws/install/robo_pkg_ros2:/opt/ros/humble /usr/bin/cmake --install /home/nagateja/main/build/main_bot_package
[1.267s] -- Install configuration: ""
[1.267s] -- Installing: /home/nagateja/main/install/main_bot_package/share/ament_index/resource_index/package_run_dependencies/main_bot_package
[1.268s] -- Installing: /home/nagateja/main/install/main_bot_package/share/ament_index/resource_index/parent_prefix_path/main_bot_package
[1.268s] -- Installing: /home/nagateja/main/install/main_bot_package/share/main_bot_package/environment/ament_prefix_path.sh
[1.268s] -- Installing: /home/nagateja/main/install/main_bot_package/share/main_bot_package/environment/ament_prefix_path.dsv
[1.268s] -- Installing: /home/nagateja/main/install/main_bot_package/share/main_bot_package/environment/path.sh
[1.268s] -- Installing: /home/nagateja/main/install/main_bot_package/share/main_bot_package/environment/path.dsv
[1.268s] -- Installing: /home/nagateja/main/install/main_bot_package/share/main_bot_package/local_setup.bash
[1.269s] -- Installing: /home/nagateja/main/install/main_bot_package/share/main_bot_package/local_setup.sh
[1.269s] -- Installing: /home/nagateja/main/install/main_bot_package/share/main_bot_package/local_setup.zsh
[1.269s] -- Installing: /home/nagateja/main/install/main_bot_package/share/main_bot_package/local_setup.dsv
[1.269s] -- Installing: /home/nagateja/main/install/main_bot_package/share/main_bot_package/package.dsv
[1.269s] -- Installing: /home/nagateja/main/install/main_bot_package/share/ament_index/resource_index/packages/main_bot_package
[1.269s] -- Installing: /home/nagateja/main/install/main_bot_package/share/main_bot_package/cmake/main_bot_packageConfig.cmake
[1.270s] -- Installing: /home/nagateja/main/install/main_bot_package/share/main_bot_package/cmake/main_bot_packageConfig-version.cmake
[1.270s] -- Installing: /home/nagateja/main/install/main_bot_package/share/main_bot_package/package.xml
[1.270s] -- Installing: /home/nagateja/main/install/main_bot_package/share/main_bot_package/launch
[1.270s] -- Installing: /home/nagateja/main/install/main_bot_package/share/main_bot_package/launch/launch_robot.launch.py
[1.270s] -- Installing: /home/nagateja/main/install/main_bot_package/share/main_bot_package/launch/rsp.launch.py
[1.270s] -- Installing: /home/nagateja/main/install/main_bot_package/share/main_bot_package/launch/localization_launch.py
[1.270s] -- Installing: /home/nagateja/main/install/main_bot_package/share/main_bot_package/launch/launch_sim.launch.py
[1.270s] -- Installing: /home/nagateja/main/install/main_bot_package/share/main_bot_package/launch/navigation_launch.py
[1.270s] -- Installing: /home/nagateja/main/install/main_bot_package/share/main_bot_package/description
[1.271s] -- Installing: /home/nagateja/main/install/main_bot_package/share/main_bot_package/description/gazebo_control.xacro
[1.271s] -- Installing: /home/nagateja/main/install/main_bot_package/share/main_bot_package/description/robot_core.xacro
[1.271s] -- Installing: /home/nagateja/main/install/main_bot_package/share/main_bot_package/description/inertial_macros.xacro
[1.271s] -- Installing: /home/nagateja/main/install/main_bot_package/share/main_bot_package/description/robot.urdf.xacro
[1.271s] -- Installing: /home/nagateja/main/install/main_bot_package/share/main_bot_package/description/ros2_control.xacro
[1.273s] Invoked command in '/home/nagateja/main/build/main_bot_package' returned '0': CMAKE_PREFIX_PATH=${CMAKE_PREFIX_PATH}:/home/nagateja/robot_ws/install/robo_pkg_ros2:/opt/ros/humble /usr/bin/cmake --install /home/nagateja/main/build/main_bot_package
