[0.093s] DEBUG:colcon:Command line arguments: ['/usr/bin/colcon', 'build', '--symlink-install']
[0.093s] DEBUG:colcon:Parsed command line arguments: Namespace(log_base=None, log_level=None, verb_name='build', build_base='build', install_base='install', merge_install=False, symlink_install=True, test_result_base=None, continue_on_error=False, executor='parallel', parallel_workers=12, event_handlers=None, ignore_user_meta=False, metas=['./colcon.meta'], base_paths=['.'], packages_ignore=None, packages_ignore_regex=None, paths=None, packages_up_to=None, packages_up_to_regex=None, packages_above=None, packages_above_and_dependencies=None, packages_above_depth=None, packages_select_by_dep=None, packages_skip_by_dep=None, packages_skip_up_to=None, packages_select_build_failed=False, packages_skip_build_finished=False, packages_select_test_failures=False, packages_skip_test_passed=False, packages_select=None, packages_skip=None, packages_select_regex=None, packages_skip_regex=None, packages_start=None, packages_end=None, allow_overriding=[], cmake_args=None, cmake_target=None, cmake_target_skip_unavailable=False, cmake_clean_cache=False, cmake_clean_first=False, cmake_force_configure=False, ament_cmake_args=None, catkin_cmake_args=None, catkin_skip_building_tests=False, mixin_files=None, mixin=None, verb_parser=<colcon_mixin.mixin.mixin_argument.MixinArgumentDecorator object at 0x7953f9f3ad70>, verb_extension=<colcon_core.verb.build.BuildVerb object at 0x7953fa0473d0>, main=<bound method BuildVerb.main of <colcon_core.verb.build.BuildVerb object at 0x7953fa0473d0>>, mixin_verb=('build',))
[0.229s] Level 1:colcon.colcon_core.package_discovery:discover_packages(colcon_meta) check parameters
[0.229s] Level 1:colcon.colcon_core.package_discovery:discover_packages(recursive) check parameters
[0.229s] Level 1:colcon.colcon_core.package_discovery:discover_packages(ignore) check parameters
[0.229s] Level 1:colcon.colcon_core.package_discovery:discover_packages(path) check parameters
[0.229s] Level 1:colcon.colcon_core.package_discovery:discover_packages(colcon_meta) discover
[0.229s] Level 1:colcon.colcon_core.package_discovery:discover_packages(recursive) discover
[0.229s] INFO:colcon.colcon_core.package_discovery:Crawling recursively for packages in '/home/nagateja/main'
[0.229s] Level 1:colcon.colcon_core.package_identification:_identify(.) by extensions ['ignore', 'ignore_ament_install']
[0.229s] Level 1:colcon.colcon_core.package_identification:_identify(.) by extension 'ignore'
[0.229s] Level 1:colcon.colcon_core.package_identification:_identify(.) by extension 'ignore_ament_install'
[0.229s] Level 1:colcon.colcon_core.package_identification:_identify(.) by extensions ['colcon_pkg']
[0.229s] Level 1:colcon.colcon_core.package_identification:_identify(.) by extension 'colcon_pkg'
[0.229s] Level 1:colcon.colcon_core.package_identification:_identify(.) by extensions ['colcon_meta']
[0.229s] Level 1:colcon.colcon_core.package_identification:_identify(.) by extension 'colcon_meta'
[0.229s] Level 1:colcon.colcon_core.package_identification:_identify(.) by extensions ['ros']
[0.229s] Level 1:colcon.colcon_core.package_identification:_identify(.) by extension 'ros'
[0.238s] Level 1:colcon.colcon_core.package_identification:_identify(.) by extensions ['cmake', 'python']
[0.238s] Level 1:colcon.colcon_core.package_identification:_identify(.) by extension 'cmake'
[0.238s] Level 1:colcon.colcon_core.package_identification:_identify(.) by extension 'python'
[0.238s] Level 1:colcon.colcon_core.package_identification:_identify(.) by extensions ['python_setup_py']
[0.238s] Level 1:colcon.colcon_core.package_identification:_identify(.) by extension 'python_setup_py'
[0.238s] Level 1:colcon.colcon_core.package_identification:_identify(build) by extensions ['ignore', 'ignore_ament_install']
[0.238s] Level 1:colcon.colcon_core.package_identification:_identify(build) by extension 'ignore'
[0.238s] Level 1:colcon.colcon_core.package_identification:_identify(build) ignored
[0.238s] Level 1:colcon.colcon_core.package_identification:_identify(install) by extensions ['ignore', 'ignore_ament_install']
[0.239s] Level 1:colcon.colcon_core.package_identification:_identify(install) by extension 'ignore'
[0.239s] Level 1:colcon.colcon_core.package_identification:_identify(install) ignored
[0.239s] Level 1:colcon.colcon_core.package_identification:_identify(log) by extensions ['ignore', 'ignore_ament_install']
[0.239s] Level 1:colcon.colcon_core.package_identification:_identify(log) by extension 'ignore'
[0.239s] Level 1:colcon.colcon_core.package_identification:_identify(log) ignored
[0.239s] Level 1:colcon.colcon_core.package_identification:_identify(src) by extensions ['ignore', 'ignore_ament_install']
[0.239s] Level 1:colcon.colcon_core.package_identification:_identify(src) by extension 'ignore'
[0.239s] Level 1:colcon.colcon_core.package_identification:_identify(src) by extension 'ignore_ament_install'
[0.239s] Level 1:colcon.colcon_core.package_identification:_identify(src) by extensions ['colcon_pkg']
[0.239s] Level 1:colcon.colcon_core.package_identification:_identify(src) by extension 'colcon_pkg'
[0.239s] Level 1:colcon.colcon_core.package_identification:_identify(src) by extensions ['colcon_meta']
[0.239s] Level 1:colcon.colcon_core.package_identification:_identify(src) by extension 'colcon_meta'
[0.239s] Level 1:colcon.colcon_core.package_identification:_identify(src) by extensions ['ros']
[0.239s] Level 1:colcon.colcon_core.package_identification:_identify(src) by extension 'ros'
[0.239s] Level 1:colcon.colcon_core.package_identification:_identify(src) by extensions ['cmake', 'python']
[0.239s] Level 1:colcon.colcon_core.package_identification:_identify(src) by extension 'cmake'
[0.239s] Level 1:colcon.colcon_core.package_identification:_identify(src) by extension 'python'
[0.239s] Level 1:colcon.colcon_core.package_identification:_identify(src) by extensions ['python_setup_py']
[0.239s] Level 1:colcon.colcon_core.package_identification:_identify(src) by extension 'python_setup_py'
[0.239s] Level 1:colcon.colcon_core.package_identification:_identify(src/main_bot_package) by extensions ['ignore', 'ignore_ament_install']
[0.239s] Level 1:colcon.colcon_core.package_identification:_identify(src/main_bot_package) by extension 'ignore'
[0.239s] Level 1:colcon.colcon_core.package_identification:_identify(src/main_bot_package) by extension 'ignore_ament_install'
[0.240s] Level 1:colcon.colcon_core.package_identification:_identify(src/main_bot_package) by extensions ['colcon_pkg']
[0.240s] Level 1:colcon.colcon_core.package_identification:_identify(src/main_bot_package) by extension 'colcon_pkg'
[0.240s] Level 1:colcon.colcon_core.package_identification:_identify(src/main_bot_package) by extensions ['colcon_meta']
[0.240s] Level 1:colcon.colcon_core.package_identification:_identify(src/main_bot_package) by extension 'colcon_meta'
[0.240s] Level 1:colcon.colcon_core.package_identification:_identify(src/main_bot_package) by extensions ['ros']
[0.240s] Level 1:colcon.colcon_core.package_identification:_identify(src/main_bot_package) by extension 'ros'
[0.241s] DEBUG:colcon.colcon_core.package_identification:Package 'src/main_bot_package' with type 'ros.ament_cmake' and name 'main_bot_package'
[0.241s] Level 1:colcon.colcon_core.package_discovery:discover_packages(recursive) using defaults
[0.241s] Level 1:colcon.colcon_core.package_discovery:discover_packages(ignore) discover
[0.242s] Level 1:colcon.colcon_core.package_discovery:discover_packages(ignore) using defaults
[0.242s] Level 1:colcon.colcon_core.package_discovery:discover_packages(path) discover
[0.242s] Level 1:colcon.colcon_core.package_discovery:discover_packages(path) using defaults
[0.256s] Level 1:colcon.colcon_core.package_discovery:discover_packages(prefix_path) check parameters
[0.256s] Level 1:colcon.colcon_core.package_discovery:discover_packages(prefix_path) discover
[0.258s] DEBUG:colcon.colcon_installed_package_information.package_discovery:Found 1 installed packages in /home/nagateja/main/install
[0.259s] DEBUG:colcon.colcon_installed_package_information.package_discovery:Found 1 installed packages in /home/nagateja/ydlidar_ros2_ws/install
[0.259s] DEBUG:colcon.colcon_installed_package_information.package_discovery:Found 1 installed packages in /home/nagateja/robot_ws/install
[0.260s] DEBUG:colcon.colcon_installed_package_information.package_discovery:Found 385 installed packages in /opt/ros/humble
[0.274s] Level 1:colcon.colcon_core.package_discovery:discover_packages(prefix_path) using defaults
[0.311s] Level 5:colcon.colcon_core.verb:set package 'main_bot_package' build argument 'cmake_args' from command line to 'None'
[0.311s] Level 5:colcon.colcon_core.verb:set package 'main_bot_package' build argument 'cmake_target' from command line to 'None'
[0.311s] Level 5:colcon.colcon_core.verb:set package 'main_bot_package' build argument 'cmake_target_skip_unavailable' from command line to 'False'
[0.311s] Level 5:colcon.colcon_core.verb:set package 'main_bot_package' build argument 'cmake_clean_cache' from command line to 'False'
[0.311s] Level 5:colcon.colcon_core.verb:set package 'main_bot_package' build argument 'cmake_clean_first' from command line to 'False'
[0.311s] Level 5:colcon.colcon_core.verb:set package 'main_bot_package' build argument 'cmake_force_configure' from command line to 'False'
[0.311s] Level 5:colcon.colcon_core.verb:set package 'main_bot_package' build argument 'ament_cmake_args' from command line to 'None'
[0.311s] Level 5:colcon.colcon_core.verb:set package 'main_bot_package' build argument 'catkin_cmake_args' from command line to 'None'
[0.311s] Level 5:colcon.colcon_core.verb:set package 'main_bot_package' build argument 'catkin_skip_building_tests' from command line to 'False'
[0.311s] DEBUG:colcon.colcon_core.verb:Building package 'main_bot_package' with the following arguments: {'ament_cmake_args': None, 'build_base': '/home/nagateja/main/build/main_bot_package', 'catkin_cmake_args': None, 'catkin_skip_building_tests': False, 'cmake_args': None, 'cmake_clean_cache': False, 'cmake_clean_first': False, 'cmake_force_configure': False, 'cmake_target': None, 'cmake_target_skip_unavailable': False, 'install_base': '/home/nagateja/main/install/main_bot_package', 'merge_install': False, 'path': '/home/nagateja/main/src/main_bot_package', 'symlink_install': True, 'test_result_base': None}
[0.311s] INFO:colcon.colcon_core.executor:Executing jobs using 'parallel' executor
[0.312s] DEBUG:colcon.colcon_parallel_executor.executor.parallel:run_until_complete
[0.313s] INFO:colcon.colcon_ros.task.ament_cmake.build:Building ROS package in '/home/nagateja/main/src/main_bot_package' with build type 'ament_cmake'
[0.313s] INFO:colcon.colcon_cmake.task.cmake.build:Building CMake package in '/home/nagateja/main/src/main_bot_package'
[0.314s] INFO:colcon.colcon_core.plugin_system:Skipping extension 'colcon_core.shell.bat': Not used on non-Windows systems
[0.314s] INFO:colcon.colcon_core.shell:Skip shell extension 'powershell' for command environment: Not usable outside of PowerShell
[0.315s] DEBUG:colcon.colcon_core.shell:Skip shell extension 'dsv' for command environment
[0.323s] DEBUG:colcon.colcon_core.event_handler.log_command:Invoking command in '/home/nagateja/main/build/main_bot_package': CMAKE_PREFIX_PATH=${CMAKE_PREFIX_PATH}:/home/nagateja/robot_ws/install/robo_pkg_ros2:/opt/ros/humble /usr/bin/cmake /home/nagateja/main/src/main_bot_package -DAMENT_CMAKE_SYMLINK_INSTALL=1 -DCMAKE_INSTALL_PREFIX=/home/nagateja/main/install/main_bot_package
[0.733s] DEBUG:colcon.colcon_core.event_handler.log_command:Invoked command in '/home/nagateja/main/build/main_bot_package' returned '0': CMAKE_PREFIX_PATH=${CMAKE_PREFIX_PATH}:/home/nagateja/robot_ws/install/robo_pkg_ros2:/opt/ros/humble /usr/bin/cmake /home/nagateja/main/src/main_bot_package -DAMENT_CMAKE_SYMLINK_INSTALL=1 -DCMAKE_INSTALL_PREFIX=/home/nagateja/main/install/main_bot_package
[0.735s] DEBUG:colcon.colcon_core.event_handler.log_command:Invoking command in '/home/nagateja/main/build/main_bot_package': CMAKE_PREFIX_PATH=${CMAKE_PREFIX_PATH}:/home/nagateja/robot_ws/install/robo_pkg_ros2:/opt/ros/humble /usr/bin/cmake --build /home/nagateja/main/build/main_bot_package -- -j12 -l12
[0.785s] DEBUG:colcon.colcon_core.event_handler.log_command:Invoked command in '/home/nagateja/main/build/main_bot_package' returned '0': CMAKE_PREFIX_PATH=${CMAKE_PREFIX_PATH}:/home/nagateja/robot_ws/install/robo_pkg_ros2:/opt/ros/humble /usr/bin/cmake --build /home/nagateja/main/build/main_bot_package -- -j12 -l12
[0.822s] DEBUG:colcon.colcon_core.event_handler.log_command:Invoking command in '/home/nagateja/main/build/main_bot_package': CMAKE_PREFIX_PATH=${CMAKE_PREFIX_PATH}:/home/nagateja/robot_ws/install/robo_pkg_ros2:/opt/ros/humble /usr/bin/cmake --install /home/nagateja/main/build/main_bot_package
[1.062s] Level 1:colcon.colcon_core.environment:create_environment_scripts_only(main_bot_package)
[1.062s] DEBUG:colcon.colcon_core.event_handler.log_command:Invoked command in '/home/nagateja/main/build/main_bot_package' returned '0': CMAKE_PREFIX_PATH=${CMAKE_PREFIX_PATH}:/home/nagateja/robot_ws/install/robo_pkg_ros2:/opt/ros/humble /usr/bin/cmake --install /home/nagateja/main/build/main_bot_package
[1.064s] Level 1:colcon.colcon_core.environment:checking '/home/nagateja/main/install/main_bot_package' for CMake module files
[1.065s] Level 1:colcon.colcon_core.environment:checking '/home/nagateja/main/install/main_bot_package' for CMake config files
[1.065s] Level 1:colcon.colcon_core.shell:create_environment_hook('main_bot_package', 'cmake_prefix_path')
[1.065s] INFO:colcon.colcon_core.shell:Creating environment hook '/home/nagateja/main/install/main_bot_package/share/main_bot_package/hook/cmake_prefix_path.ps1'
[1.066s] INFO:colcon.colcon_core.shell:Creating environment descriptor '/home/nagateja/main/install/main_bot_package/share/main_bot_package/hook/cmake_prefix_path.dsv'
[1.066s] INFO:colcon.colcon_core.shell:Creating environment hook '/home/nagateja/main/install/main_bot_package/share/main_bot_package/hook/cmake_prefix_path.sh'
[1.067s] Level 1:colcon.colcon_core.environment:checking '/home/nagateja/main/install/main_bot_package/bin'
[1.067s] Level 1:colcon.colcon_core.environment:checking '/home/nagateja/main/install/main_bot_package/lib/pkgconfig/main_bot_package.pc'
[1.067s] Level 1:colcon.colcon_core.environment:checking '/home/nagateja/main/install/main_bot_package/lib/python3.10/site-packages'
[1.067s] Level 1:colcon.colcon_core.environment:checking '/home/nagateja/main/install/main_bot_package/bin'
[1.067s] INFO:colcon.colcon_core.shell:Creating package script '/home/nagateja/main/install/main_bot_package/share/main_bot_package/package.ps1'
[1.068s] INFO:colcon.colcon_core.shell:Creating package descriptor '/home/nagateja/main/install/main_bot_package/share/main_bot_package/package.dsv'
[1.068s] INFO:colcon.colcon_core.shell:Creating package script '/home/nagateja/main/install/main_bot_package/share/main_bot_package/package.sh'
[1.069s] INFO:colcon.colcon_core.shell:Creating package script '/home/nagateja/main/install/main_bot_package/share/main_bot_package/package.bash'
[1.069s] INFO:colcon.colcon_core.shell:Creating package script '/home/nagateja/main/install/main_bot_package/share/main_bot_package/package.zsh'
[1.070s] Level 1:colcon.colcon_core.environment:create_file_with_runtime_dependencies(/home/nagateja/main/install/main_bot_package/share/colcon-core/packages/main_bot_package)
[1.097s] Level 1:colcon.colcon_core.environment:create_environment_scripts_only(main_bot_package)
[1.097s] Level 1:colcon.colcon_core.environment:checking '/home/nagateja/main/install/main_bot_package' for CMake module files
[1.097s] Level 1:colcon.colcon_core.environment:checking '/home/nagateja/main/install/main_bot_package' for CMake config files
[1.098s] Level 1:colcon.colcon_core.shell:create_environment_hook('main_bot_package', 'cmake_prefix_path')
[1.098s] INFO:colcon.colcon_core.shell:Creating environment hook '/home/nagateja/main/install/main_bot_package/share/main_bot_package/hook/cmake_prefix_path.ps1'
[1.098s] INFO:colcon.colcon_core.shell:Creating environment descriptor '/home/nagateja/main/install/main_bot_package/share/main_bot_package/hook/cmake_prefix_path.dsv'
[1.099s] INFO:colcon.colcon_core.shell:Creating environment hook '/home/nagateja/main/install/main_bot_package/share/main_bot_package/hook/cmake_prefix_path.sh'
[1.099s] Level 1:colcon.colcon_core.environment:checking '/home/nagateja/main/install/main_bot_package/bin'
[1.099s] Level 1:colcon.colcon_core.environment:checking '/home/nagateja/main/install/main_bot_package/lib/pkgconfig/main_bot_package.pc'
[1.099s] Level 1:colcon.colcon_core.environment:checking '/home/nagateja/main/install/main_bot_package/lib/python3.10/site-packages'
[1.100s] Level 1:colcon.colcon_core.environment:checking '/home/nagateja/main/install/main_bot_package/bin'
[1.100s] INFO:colcon.colcon_core.shell:Creating package script '/home/nagateja/main/install/main_bot_package/share/main_bot_package/package.ps1'
[1.100s] INFO:colcon.colcon_core.shell:Creating package descriptor '/home/nagateja/main/install/main_bot_package/share/main_bot_package/package.dsv'
[1.101s] INFO:colcon.colcon_core.shell:Creating package script '/home/nagateja/main/install/main_bot_package/share/main_bot_package/package.sh'
[1.101s] INFO:colcon.colcon_core.shell:Creating package script '/home/nagateja/main/install/main_bot_package/share/main_bot_package/package.bash'
[1.101s] INFO:colcon.colcon_core.shell:Creating package script '/home/nagateja/main/install/main_bot_package/share/main_bot_package/package.zsh'
[1.101s] Level 1:colcon.colcon_core.environment:create_file_with_runtime_dependencies(/home/nagateja/main/install/main_bot_package/share/colcon-core/packages/main_bot_package)
[1.102s] DEBUG:colcon.colcon_parallel_executor.executor.parallel:closing loop
[1.102s] DEBUG:colcon.colcon_parallel_executor.executor.parallel:loop closed
[1.102s] DEBUG:colcon.colcon_parallel_executor.executor.parallel:run_until_complete finished with '0'
[1.102s] DEBUG:colcon.colcon_core.event_reactor:joining thread
[1.107s] INFO:colcon.colcon_core.plugin_system:Skipping extension 'colcon_notification.desktop_notification.terminal_notifier': Not used on non-Darwin systems
[1.107s] INFO:colcon.colcon_core.plugin_system:Skipping extension 'colcon_notification.desktop_notification.win32': Not used on non-Windows systems
[1.107s] INFO:colcon.colcon_notification.desktop_notification:Sending desktop notification using 'notify2'
[1.119s] DEBUG:colcon.colcon_core.event_reactor:joined thread
[1.120s] INFO:colcon.colcon_core.shell:Creating prefix script '/home/nagateja/main/install/local_setup.ps1'
[1.121s] INFO:colcon.colcon_core.shell:Creating prefix util module '/home/nagateja/main/install/_local_setup_util_ps1.py'
[1.122s] INFO:colcon.colcon_core.shell:Creating prefix chain script '/home/nagateja/main/install/setup.ps1'
[1.122s] INFO:colcon.colcon_core.shell:Creating prefix script '/home/nagateja/main/install/local_setup.sh'
[1.123s] INFO:colcon.colcon_core.shell:Creating prefix util module '/home/nagateja/main/install/_local_setup_util_sh.py'
[1.123s] INFO:colcon.colcon_core.shell:Creating prefix chain script '/home/nagateja/main/install/setup.sh'
[1.124s] INFO:colcon.colcon_core.shell:Creating prefix script '/home/nagateja/main/install/local_setup.bash'
[1.125s] INFO:colcon.colcon_core.shell:Creating prefix chain script '/home/nagateja/main/install/setup.bash'
[1.125s] INFO:colcon.colcon_core.shell:Creating prefix script '/home/nagateja/main/install/local_setup.zsh'
[1.126s] INFO:colcon.colcon_core.shell:Creating prefix chain script '/home/nagateja/main/install/setup.zsh'
