-- Install configuration: ""
-- Execute custom install script
-- Up-to-date symlink: /home/nagateja/main/install/main_bot_package/share/ament_index/resource_index/package_run_dependencies/main_bot_package
-- Up-to-date symlink: /home/nagateja/main/install/main_bot_package/share/ament_index/resource_index/parent_prefix_path/main_bot_package
-- Up-to-date symlink: /home/nagateja/main/install/main_bot_package/share/main_bot_package/environment/ament_prefix_path.sh
-- Up-to-date symlink: /home/nagateja/main/install/main_bot_package/share/main_bot_package/environment/ament_prefix_path.dsv
-- Up-to-date symlink: /home/nagateja/main/install/main_bot_package/share/main_bot_package/environment/path.sh
-- Up-to-date symlink: /home/nagateja/main/install/main_bot_package/share/main_bot_package/environment/path.dsv
-- Up-to-date symlink: /home/nagateja/main/install/main_bot_package/share/main_bot_package/local_setup.bash
-- Up-to-date symlink: /home/nagateja/main/install/main_bot_package/share/main_bot_package/local_setup.sh
-- Up-to-date symlink: /home/nagateja/main/install/main_bot_package/share/main_bot_package/local_setup.zsh
-- Up-to-date symlink: /home/nagateja/main/install/main_bot_package/share/main_bot_package/local_setup.dsv
-- Symlinking: /home/nagateja/main/install/main_bot_package/share/main_bot_package/package.dsv
-- Up-to-date symlink: /home/nagateja/main/install/main_bot_package/share/ament_index/resource_index/packages/main_bot_package
-- Up-to-date symlink: /home/nagateja/main/install/main_bot_package/share/main_bot_package/cmake/main_bot_packageConfig.cmake
-- Up-to-date symlink: /home/nagateja/main/install/main_bot_package/share/main_bot_package/cmake/main_bot_packageConfig-version.cmake
-- Up-to-date symlink: /home/nagateja/main/install/main_bot_package/share/main_bot_package/package.xml
-- Up-to-date symlink: /home/nagateja/main/install/main_bot_package/share/main_bot_package/launch/launch_robot.launch.py
-- Up-to-date symlink: /home/nagateja/main/install/main_bot_package/share/main_bot_package/launch/launch_sim.launch.py
-- Up-to-date symlink: /home/nagateja/main/install/main_bot_package/share/main_bot_package/launch/localization_launch.py
-- Up-to-date symlink: /home/nagateja/main/install/main_bot_package/share/main_bot_package/launch/navigation_launch.py
-- Up-to-date symlink: /home/nagateja/main/install/main_bot_package/share/main_bot_package/launch/rsp.launch.py
-- Up-to-date: /home/nagateja/main/install/main_bot_package/share/main_bot_package/description
-- Up-to-date: /home/nagateja/main/install/main_bot_package/share/main_bot_package/description/gazebo_control.xacro
-- Up-to-date: /home/nagateja/main/install/main_bot_package/share/main_bot_package/description/robot_core.xacro
-- Up-to-date: /home/nagateja/main/install/main_bot_package/share/main_bot_package/description/inertial_macros.xacro
-- Up-to-date: /home/nagateja/main/install/main_bot_package/share/main_bot_package/description/robot.urdf.xacro
-- Up-to-date: /home/nagateja/main/install/main_bot_package/share/main_bot_package/description/ros2_control.xacro
