[0.011s] Invoking command in '/home/nagateja/main/build/main_bot_package': CMAKE_PREFIX_PATH=${CMAKE_PREFIX_PATH}:/home/nagateja/robot_ws/install/robo_pkg_ros2:/opt/ros/humble /usr/bin/cmake --build /home/nagateja/main/build/main_bot_package -- -j12 -l12
[0.037s] -- Found ament_cmake: 1.3.10 (/opt/ros/humble/share/ament_cmake/cmake)
[0.130s] -- Override CMake install command with custom implementation using symlinks instead of copying resources
[0.136s] -- Found rclcpp: 16.0.10 (/opt/ros/humble/share/rclcpp/cmake)
[0.158s] -- Found rosidl_generator_c: 3.1.5 (/opt/ros/humble/share/rosidl_generator_c/cmake)
[0.160s] -- Found rosidl_adapter: 3.1.5 (/opt/ros/humble/share/rosidl_adapter/cmake)
[0.164s] -- Found rosidl_generator_cpp: 3.1.5 (/opt/ros/humble/share/rosidl_generator_cpp/cmake)
[0.172s] -- Using all available rosidl_typesupport_c: rosidl_typesupport_fastrtps_c;rosidl_typesupport_introspection_c
[0.181s] -- Using all available rosidl_typesupport_cpp: rosidl_typesupport_fastrtps_cpp;rosidl_typesupport_introspection_cpp
[0.204s] -- Found rmw_implementation_cmake: 6.1.2 (/opt/ros/humble/share/rmw_implementation_cmake/cmake)
[0.205s] -- Found rmw_fastrtps_cpp: 6.2.7 (/opt/ros/humble/share/rmw_fastrtps_cpp/cmake)
[0.301s] -- Using RMW implementation 'rmw_fastrtps_cpp' as default
[0.338s] -- Found ament_lint_auto: 0.12.11 (/opt/ros/humble/share/ament_lint_auto/cmake)
[0.404s] -- Added test 'flake8' to check Python code syntax and style conventions
[0.404s] -- Added test 'lint_cmake' to check CMake code style
[0.405s] -- Added test 'pep257' to check Python code against some of the docstring style conventions in PEP 257
[0.407s] -- Added test 'xmllint' to check XML markup files
[0.408s] -- Configuring done
[0.413s] -- Generating done
[0.415s] -- Build files have been written to: /home/nagateja/main/build/main_bot_package
[0.447s] Invoked command in '/home/nagateja/main/build/main_bot_package' returned '0': CMAKE_PREFIX_PATH=${CMAKE_PREFIX_PATH}:/home/nagateja/robot_ws/install/robo_pkg_ros2:/opt/ros/humble /usr/bin/cmake --build /home/nagateja/main/build/main_bot_package -- -j12 -l12
[0.480s] Invoking command in '/home/nagateja/main/build/main_bot_package': CMAKE_PREFIX_PATH=${CMAKE_PREFIX_PATH}:/home/nagateja/robot_ws/install/robo_pkg_ros2:/opt/ros/humble /usr/bin/cmake --install /home/nagateja/main/build/main_bot_package
[0.487s] -- Install configuration: ""
[0.487s] -- Execute custom install script
[0.487s] -- Up-to-date symlink: /home/nagateja/main/install/main_bot_package/share/ament_index/resource_index/package_run_dependencies/main_bot_package
[0.488s] -- Up-to-date symlink: /home/nagateja/main/install/main_bot_package/share/ament_index/resource_index/parent_prefix_path/main_bot_package
[0.488s] -- Up-to-date symlink: /home/nagateja/main/install/main_bot_package/share/main_bot_package/environment/ament_prefix_path.sh
[0.488s] -- Up-to-date symlink: /home/nagateja/main/install/main_bot_package/share/main_bot_package/environment/ament_prefix_path.dsv
[0.488s] -- Up-to-date symlink: /home/nagateja/main/install/main_bot_package/share/main_bot_package/environment/path.sh
[0.488s] -- Up-to-date symlink: /home/nagateja/main/install/main_bot_package/share/main_bot_package/environment/path.dsv
[0.488s] -- Up-to-date symlink: /home/nagateja/main/install/main_bot_package/share/main_bot_package/local_setup.bash
[0.488s] -- Up-to-date symlink: /home/nagateja/main/install/main_bot_package/share/main_bot_package/local_setup.sh
[0.488s] -- Up-to-date symlink: /home/nagateja/main/install/main_bot_package/share/main_bot_package/local_setup.zsh
[0.489s] -- Up-to-date symlink: /home/nagateja/main/install/main_bot_package/share/main_bot_package/local_setup.dsv
[0.489s] -- Symlinking: /home/nagateja/main/install/main_bot_package/share/main_bot_package/package.dsv
[0.497s] -- Up-to-date symlink: /home/nagateja/main/install/main_bot_package/share/ament_index/resource_index/packages/main_bot_package
[0.497s] -- Up-to-date symlink: /home/nagateja/main/install/main_bot_package/share/main_bot_package/cmake/main_bot_packageConfig.cmake
[0.498s] -- Up-to-date symlink: /home/nagateja/main/install/main_bot_package/share/main_bot_package/cmake/main_bot_packageConfig-version.cmake
[0.498s] -- Up-to-date symlink: /home/nagateja/main/install/main_bot_package/share/main_bot_package/package.xml
[0.500s] Invoked command in '/home/nagateja/main/build/main_bot_package' returned '0': CMAKE_PREFIX_PATH=${CMAKE_PREFIX_PATH}:/home/nagateja/robot_ws/install/robo_pkg_ros2:/opt/ros/humble /usr/bin/cmake --install /home/nagateja/main/build/main_bot_package
